2025-08-224 09:11 b.o.common.auth.JwtTokenFilter-JWT Filter Error: JWT expired at 2025-08-11T23:41:13Z. Current time: 2025-08-12T00:11:46Z, a difference of 1833481 milliseconds.  Allowed clock skew: 0 milliseconds.
2025-08-224 09:11 b.o.common.auth.JwtTokenFilter-JWT Filter Error: JWT expired at 2025-08-11T23:41:13Z. Current time: 2025-08-12T00:11:46Z, a difference of 1833489 milliseconds.  Allowed clock skew: 0 milliseconds.
2025-08-224 09:11 b.o.common.auth.JwtTokenFilter-JWT Filter Error: JWT expired at 2025-08-11T23:41:13Z. Current time: 2025-08-12T00:11:54Z, a difference of 1841459 milliseconds.  Allowed clock skew: 0 milliseconds.
2025-08-224 09:11 b.o.common.auth.JwtTokenFilter-JWT Filter Error: JWT expired at 2025-08-11T23:41:13Z. Current time: 2025-08-12T00:11:54Z, a difference of 1841468 milliseconds.  Allowed clock skew: 0 milliseconds.
2025-08-224 09:13 b.o.common.auth.JwtTokenFilter-JWT Filter Error: JWT expired at 2025-08-11T23:41:13Z. Current time: 2025-08-12T00:13:00Z, a difference of 1907119 milliseconds.  Allowed clock skew: 0 milliseconds.
2025-08-224 09:13 b.o.common.auth.JwtTokenFilter-JWT Filter Error: JWT expired at 2025-08-11T23:41:13Z. Current time: 2025-08-12T00:13:00Z, a difference of 1907122 milliseconds.  Allowed clock skew: 0 milliseconds.
2025-08-224 09:13 b.o.common.auth.JwtTokenFilter-JWT Filter Error: JWT expired at 2025-08-11T23:41:13Z. Current time: 2025-08-12T00:13:04Z, a difference of 1911793 milliseconds.  Allowed clock skew: 0 milliseconds.
2025-08-224 09:13 b.o.common.auth.JwtTokenFilter-JWT Filter Error: JWT expired at 2025-08-11T23:41:13Z. Current time: 2025-08-12T00:13:04Z, a difference of 1911797 milliseconds.  Allowed clock skew: 0 milliseconds.
2025-08-224 09:38 b.o.common.auth.JwtTokenFilter-JWT Filter Error: JWT expired at 2025-08-11T23:41:13Z. Current time: 2025-08-12T00:38:01Z, a difference of 3408385 milliseconds.  Allowed clock skew: 0 milliseconds.
2025-08-224 09:38 b.o.c.auth.JwtAuthenticationHandler-Full authentication is required to access this resource
2025-08-224 09:38 b.o.common.auth.JwtTokenFilter-JWT Filter Error: JWT expired at 2025-08-11T23:41:13Z. Current time: 2025-08-12T00:38:05Z, a difference of 3412931 milliseconds.  Allowed clock skew: 0 milliseconds.
2025-08-224 09:38 b.o.common.auth.JwtTokenFilter-JWT Filter Error: JWT expired at 2025-08-11T23:41:13Z. Current time: 2025-08-12T00:38:05Z, a difference of 3412933 milliseconds.  Allowed clock skew: 0 milliseconds.
2025-08-224 09:39 b.o.common.auth.JwtTokenFilter-JWT Filter Error: JWT expired at 2025-08-11T23:41:13Z. Current time: 2025-08-12T00:39:38Z, a difference of 3505181 milliseconds.  Allowed clock skew: 0 milliseconds.
2025-08-224 09:39 b.o.common.auth.JwtTokenFilter-JWT Filter Error: JWT expired at 2025-08-11T23:41:13Z. Current time: 2025-08-12T00:39:43Z, a difference of 3510276 milliseconds.  Allowed clock skew: 0 milliseconds.
2025-08-224 09:41 b.o.common.auth.JwtTokenFilter-JWT Filter Error: JWT expired at 2025-08-11T23:41:13Z. Current time: 2025-08-12T00:41:16Z, a difference of 3603445 milliseconds.  Allowed clock skew: 0 milliseconds.
2025-08-224 09:41 b.o.common.auth.JwtTokenFilter-JWT Filter Error: JWT expired at 2025-08-11T23:41:13Z. Current time: 2025-08-12T00:41:17Z, a difference of 3604904 milliseconds.  Allowed clock skew: 0 milliseconds.
2025-08-224 09:41 b.o.common.auth.JwtTokenFilter-JWT Filter Error: JWT expired at 2025-08-11T23:41:13Z. Current time: 2025-08-12T00:41:21Z, a difference of 3608389 milliseconds.  Allowed clock skew: 0 milliseconds.
2025-08-224 09:41 b.o.common.auth.JwtTokenFilter-JWT Filter Error: JWT expired at 2025-08-11T23:41:13Z. Current time: 2025-08-12T00:41:25Z, a difference of 3612169 milliseconds.  Allowed clock skew: 0 milliseconds.
2025-08-224 11:24 b.o.common.auth.JwtTokenFilter-JWT Filter Error: JWT expired at 2025-08-12T02:24:11Z. Current time: 2025-08-12T02:24:57Z, a difference of 46049 milliseconds.  Allowed clock skew: 0 milliseconds.
2025-08-224 11:29 b.o.common.auth.JwtTokenFilter-JWT Filter Error: JWT expired at 2025-08-12T02:29:05Z. Current time: 2025-08-12T02:29:07Z, a difference of 2658 milliseconds.  Allowed clock skew: 0 milliseconds.
2025-08-224 11:32 b.o.common.auth.JwtTokenFilter-JWT Filter Error: JWT expired at 2025-08-12T02:31:37Z. Current time: 2025-08-12T02:32:12Z, a difference of 35703 milliseconds.  Allowed clock skew: 0 milliseconds.
2025-08-224 11:32 b.o.common.auth.JwtTokenFilter-JWT Filter Error: JWT expired at 2025-08-12T02:31:37Z. Current time: 2025-08-12T02:32:19Z, a difference of 42119 milliseconds.  Allowed clock skew: 0 milliseconds.
2025-08-224 11:41 b.o.c.auth.JwtAuthenticationHandler-Full authentication is required to access this resource
2025-08-224 11:42 b.o.c.auth.JwtAuthenticationHandler-Full authentication is required to access this resource
2025-08-224 11:45 b.o.c.auth.JwtAuthenticationHandler-Full authentication is required to access this resource
2025-08-224 11:46 b.o.c.auth.JwtAuthenticationHandler-Full authentication is required to access this resource
2025-08-224 11:50 b.o.c.auth.JwtAuthenticationHandler-Full authentication is required to access this resource
2025-08-224 12:06 b.o.c.auth.JwtAuthenticationHandler-Full authentication is required to access this resource
2025-08-224 12:09 b.o.c.auth.JwtAuthenticationHandler-Full authentication is required to access this resource
2025-08-224 12:21 b.o.c.auth.JwtAuthenticationHandler-Full authentication is required to access this resource
2025-08-224 14:05 b.o.c.auth.JwtAuthenticationHandler-Full authentication is required to access this resource
2025-08-224 14:06 b.o.c.auth.JwtAuthenticationHandler-Full authentication is required to access this resource
2025-08-224 14:06 b.o.c.service.CommonExceptionHandler-JWT String argument cannot be null or empty.
2025-08-224 15:22 b.o.c.auth.JwtAuthenticationHandler-Full authentication is required to access this resource
2025-08-224 15:22 b.o.c.auth.JwtAuthenticationHandler-Full authentication is required to access this resource
2025-08-224 16:02 b.o.c.auth.JwtAuthenticationHandler-Full authentication is required to access this resource
2025-08-224 16:03 b.o.c.auth.JwtAuthenticationHandler-Full authentication is required to access this resource
2025-08-224 16:06 b.o.c.service.CommonExceptionHandler-Validation failed for argument [0] in public org.springframework.http.ResponseEntity<?> be16.ordersystem.product.controller.ProductController.addProduct(be16.ordersystem.product.dto.ProductCreateDto): [Field error in object 'productCreateDto' on field 'productImage': rejected value [null]; codes [typeMismatch.productCreateDto.productImage,typeMismatch.productImage,typeMismatch.org.springframework.web.multipart.MultipartFile,typeMismatch]; arguments [org.springframework.context.support.DefaultMessageSourceResolvable: codes [productCreateDto.productImage,productImage]; arguments []; default message [productImage]]; default message [Failed to convert property value of type 'java.lang.String' to required type 'org.springframework.web.multipart.MultipartFile' for property 'productImage'; Cannot convert value of type 'java.lang.String' to required type 'org.springframework.web.multipart.MultipartFile' for property 'productImage': no matching editors or conversion strategy found]] 
2025-08-224 16:07 b.o.c.service.CommonExceptionHandler-Validation failed for argument [0] in public org.springframework.http.ResponseEntity<?> be16.ordersystem.product.controller.ProductController.addProduct(be16.ordersystem.product.dto.ProductCreateDto): [Field error in object 'productCreateDto' on field 'productImage': rejected value [null]; codes [typeMismatch.productCreateDto.productImage,typeMismatch.productImage,typeMismatch.org.springframework.web.multipart.MultipartFile,typeMismatch]; arguments [org.springframework.context.support.DefaultMessageSourceResolvable: codes [productCreateDto.productImage,productImage]; arguments []; default message [productImage]]; default message [Failed to convert property value of type 'java.lang.String' to required type 'org.springframework.web.multipart.MultipartFile' for property 'productImage'; Cannot convert value of type 'java.lang.String' to required type 'org.springframework.web.multipart.MultipartFile' for property 'productImage': no matching editors or conversion strategy found]] 
2025-08-224 16:08 b.o.c.auth.JwtAuthenticationHandler-Full authentication is required to access this resource
2025-08-225 14:19 o.s.boot.SpringApplication-Application run failed
org.springframework.beans.factory.UnsatisfiedDependencyException: Error creating bean with name 'productController' defined in file [C:\beyond_sw_16\Order_System-main\Order_System-main\build\classes\java\main\be16\ordersystem\product\controller\ProductController.class]: Unsatisfied dependency expressed through constructor parameter 0: Error creating bean with name 'productService': Injection of autowired dependencies failed
	at org.springframework.beans.factory.support.ConstructorResolver.createArgumentArray(ConstructorResolver.java:804)
	at org.springframework.beans.factory.support.ConstructorResolver.autowireConstructor(ConstructorResolver.java:240)
	at org.springframework.beans.factory.support.AbstractAutowireCapableBeanFactory.autowireConstructor(AbstractAutowireCapableBeanFactory.java:1395)
	at org.springframework.beans.factory.support.AbstractAutowireCapableBeanFactory.createBeanInstance(AbstractAutowireCapableBeanFactory.java:1232)
	at org.springframework.beans.factory.support.AbstractAutowireCapableBeanFactory.doCreateBean(AbstractAutowireCapableBeanFactory.java:569)
	at org.springframework.beans.factory.support.AbstractAutowireCapableBeanFactory.createBean(AbstractAutowireCapableBeanFactory.java:529)
	at org.springframework.beans.factory.support.AbstractBeanFactory.lambda$doGetBean$0(AbstractBeanFactory.java:339)
	at org.springframework.beans.factory.support.DefaultSingletonBeanRegistry.getSingleton(DefaultSingletonBeanRegistry.java:373)
	at org.springframework.beans.factory.support.AbstractBeanFactory.doGetBean(AbstractBeanFactory.java:337)
	at org.springframework.beans.factory.support.AbstractBeanFactory.getBean(AbstractBeanFactory.java:202)
	at org.springframework.beans.factory.support.DefaultListableBeanFactory.instantiateSingleton(DefaultListableBeanFactory.java:1222)
	at org.springframework.beans.factory.support.DefaultListableBeanFactory.preInstantiateSingleton(DefaultListableBeanFactory.java:1188)
	at org.springframework.beans.factory.support.DefaultListableBeanFactory.preInstantiateSingletons(DefaultListableBeanFactory.java:1123)
	at org.springframework.context.support.AbstractApplicationContext.finishBeanFactoryInitialization(AbstractApplicationContext.java:987)
	at org.springframework.context.support.AbstractApplicationContext.refresh(AbstractApplicationContext.java:627)
	at org.springframework.boot.web.servlet.context.ServletWebServerApplicationContext.refresh(ServletWebServerApplicationContext.java:146)
	at org.springframework.boot.SpringApplication.refresh(SpringApplication.java:752)
	at org.springframework.boot.SpringApplication.refreshContext(SpringApplication.java:439)
	at org.springframework.boot.SpringApplication.run(SpringApplication.java:318)
	at org.springframework.boot.SpringApplication.run(SpringApplication.java:1361)
	at org.springframework.boot.SpringApplication.run(SpringApplication.java:1350)
	at be16.ordersystem.OrdersystemApplication.main(OrdersystemApplication.java:12)
Caused by: org.springframework.beans.factory.BeanCreationException: Error creating bean with name 'productService': Injection of autowired dependencies failed
	at org.springframework.beans.factory.annotation.AutowiredAnnotationBeanPostProcessor.postProcessProperties(AutowiredAnnotationBeanPostProcessor.java:515)
	at org.springframework.beans.factory.support.AbstractAutowireCapableBeanFactory.populateBean(AbstractAutowireCapableBeanFactory.java:1459)
	at org.springframework.beans.factory.support.AbstractAutowireCapableBeanFactory.doCreateBean(AbstractAutowireCapableBeanFactory.java:606)
	at org.springframework.beans.factory.support.AbstractAutowireCapableBeanFactory.createBean(AbstractAutowireCapableBeanFactory.java:529)
	at org.springframework.beans.factory.support.AbstractBeanFactory.lambda$doGetBean$0(AbstractBeanFactory.java:339)
	at org.springframework.beans.factory.support.DefaultSingletonBeanRegistry.getSingleton(DefaultSingletonBeanRegistry.java:373)
	at org.springframework.beans.factory.support.AbstractBeanFactory.doGetBean(AbstractBeanFactory.java:337)
	at org.springframework.beans.factory.support.AbstractBeanFactory.getBean(AbstractBeanFactory.java:202)
	at org.springframework.beans.factory.support.DefaultListableBeanFactory.doResolveDependency(DefaultListableBeanFactory.java:1683)
	at org.springframework.beans.factory.support.DefaultListableBeanFactory.resolveDependency(DefaultListableBeanFactory.java:1628)
	at org.springframework.beans.factory.support.ConstructorResolver.resolveAutowiredArgument(ConstructorResolver.java:913)
	at org.springframework.beans.factory.support.ConstructorResolver.createArgumentArray(ConstructorResolver.java:791)
	... 21 common frames omitted
Caused by: org.springframework.util.PlaceholderResolutionException: Could not resolve placeholder 'cloud.s3.bucket' in value "${cloud.s3.bucket}"
	at org.springframework.util.PlaceholderResolutionException.withValue(PlaceholderResolutionException.java:81)
	at org.springframework.util.PlaceholderParser$ParsedValue.resolve(PlaceholderParser.java:423)
	at org.springframework.util.PlaceholderParser.replacePlaceholders(PlaceholderParser.java:128)
	at org.springframework.util.PropertyPlaceholderHelper.parseStringValue(PropertyPlaceholderHelper.java:118)
	at org.springframework.util.PropertyPlaceholderHelper.replacePlaceholders(PropertyPlaceholderHelper.java:114)
	at org.springframework.core.env.AbstractPropertyResolver.doResolvePlaceholders(AbstractPropertyResolver.java:293)
	at org.springframework.core.env.AbstractPropertyResolver.resolveRequiredPlaceholders(AbstractPropertyResolver.java:264)
	at org.springframework.context.support.PropertySourcesPlaceholderConfigurer.lambda$processProperties$0(PropertySourcesPlaceholderConfigurer.java:186)
	at org.springframework.beans.factory.support.AbstractBeanFactory.resolveEmbeddedValue(AbstractBeanFactory.java:971)
	at org.springframework.beans.factory.support.DefaultListableBeanFactory.doResolveDependency(DefaultListableBeanFactory.java:1650)
	at org.springframework.beans.factory.support.DefaultListableBeanFactory.resolveDependency(DefaultListableBeanFactory.java:1628)
	at org.springframework.beans.factory.annotation.AutowiredAnnotationBeanPostProcessor$AutowiredFieldElement.resolveFieldValue(AutowiredAnnotationBeanPostProcessor.java:785)
	at org.springframework.beans.factory.annotation.AutowiredAnnotationBeanPostProcessor$AutowiredFieldElement.inject(AutowiredAnnotationBeanPostProcessor.java:768)
	at org.springframework.beans.factory.annotation.InjectionMetadata.inject(InjectionMetadata.java:146)
	at org.springframework.beans.factory.annotation.AutowiredAnnotationBeanPostProcessor.postProcessProperties(AutowiredAnnotationBeanPostProcessor.java:509)
	... 32 common frames omitted
2025-08-225 14:21 o.s.boot.SpringApplication-Application run failed
org.springframework.beans.factory.UnsatisfiedDependencyException: Error creating bean with name 'productController' defined in file [C:\beyond_sw_16\Order_System-main\Order_System-main\build\classes\java\main\be16\ordersystem\product\controller\ProductController.class]: Unsatisfied dependency expressed through constructor parameter 0: Error creating bean with name 'productService': Injection of autowired dependencies failed
	at org.springframework.beans.factory.support.ConstructorResolver.createArgumentArray(ConstructorResolver.java:804)
	at org.springframework.beans.factory.support.ConstructorResolver.autowireConstructor(ConstructorResolver.java:240)
	at org.springframework.beans.factory.support.AbstractAutowireCapableBeanFactory.autowireConstructor(AbstractAutowireCapableBeanFactory.java:1395)
	at org.springframework.beans.factory.support.AbstractAutowireCapableBeanFactory.createBeanInstance(AbstractAutowireCapableBeanFactory.java:1232)
	at org.springframework.beans.factory.support.AbstractAutowireCapableBeanFactory.doCreateBean(AbstractAutowireCapableBeanFactory.java:569)
	at org.springframework.beans.factory.support.AbstractAutowireCapableBeanFactory.createBean(AbstractAutowireCapableBeanFactory.java:529)
	at org.springframework.beans.factory.support.AbstractBeanFactory.lambda$doGetBean$0(AbstractBeanFactory.java:339)
	at org.springframework.beans.factory.support.DefaultSingletonBeanRegistry.getSingleton(DefaultSingletonBeanRegistry.java:373)
	at org.springframework.beans.factory.support.AbstractBeanFactory.doGetBean(AbstractBeanFactory.java:337)
	at org.springframework.beans.factory.support.AbstractBeanFactory.getBean(AbstractBeanFactory.java:202)
	at org.springframework.beans.factory.support.DefaultListableBeanFactory.instantiateSingleton(DefaultListableBeanFactory.java:1222)
	at org.springframework.beans.factory.support.DefaultListableBeanFactory.preInstantiateSingleton(DefaultListableBeanFactory.java:1188)
	at org.springframework.beans.factory.support.DefaultListableBeanFactory.preInstantiateSingletons(DefaultListableBeanFactory.java:1123)
	at org.springframework.context.support.AbstractApplicationContext.finishBeanFactoryInitialization(AbstractApplicationContext.java:987)
	at org.springframework.context.support.AbstractApplicationContext.refresh(AbstractApplicationContext.java:627)
	at org.springframework.boot.web.servlet.context.ServletWebServerApplicationContext.refresh(ServletWebServerApplicationContext.java:146)
	at org.springframework.boot.SpringApplication.refresh(SpringApplication.java:752)
	at org.springframework.boot.SpringApplication.refreshContext(SpringApplication.java:439)
	at org.springframework.boot.SpringApplication.run(SpringApplication.java:318)
	at org.springframework.boot.SpringApplication.run(SpringApplication.java:1361)
	at org.springframework.boot.SpringApplication.run(SpringApplication.java:1350)
	at be16.ordersystem.OrdersystemApplication.main(OrdersystemApplication.java:12)
Caused by: org.springframework.beans.factory.BeanCreationException: Error creating bean with name 'productService': Injection of autowired dependencies failed
	at org.springframework.beans.factory.annotation.AutowiredAnnotationBeanPostProcessor.postProcessProperties(AutowiredAnnotationBeanPostProcessor.java:515)
	at org.springframework.beans.factory.support.AbstractAutowireCapableBeanFactory.populateBean(AbstractAutowireCapableBeanFactory.java:1459)
	at org.springframework.beans.factory.support.AbstractAutowireCapableBeanFactory.doCreateBean(AbstractAutowireCapableBeanFactory.java:606)
	at org.springframework.beans.factory.support.AbstractAutowireCapableBeanFactory.createBean(AbstractAutowireCapableBeanFactory.java:529)
	at org.springframework.beans.factory.support.AbstractBeanFactory.lambda$doGetBean$0(AbstractBeanFactory.java:339)
	at org.springframework.beans.factory.support.DefaultSingletonBeanRegistry.getSingleton(DefaultSingletonBeanRegistry.java:373)
	at org.springframework.beans.factory.support.AbstractBeanFactory.doGetBean(AbstractBeanFactory.java:337)
	at org.springframework.beans.factory.support.AbstractBeanFactory.getBean(AbstractBeanFactory.java:202)
	at org.springframework.beans.factory.support.DefaultListableBeanFactory.doResolveDependency(DefaultListableBeanFactory.java:1683)
	at org.springframework.beans.factory.support.DefaultListableBeanFactory.resolveDependency(DefaultListableBeanFactory.java:1628)
	at org.springframework.beans.factory.support.ConstructorResolver.resolveAutowiredArgument(ConstructorResolver.java:913)
	at org.springframework.beans.factory.support.ConstructorResolver.createArgumentArray(ConstructorResolver.java:791)
	... 21 common frames omitted
Caused by: org.springframework.util.PlaceholderResolutionException: Could not resolve placeholder 'cloud.s3.bucket' in value "${cloud.s3.bucket}"
	at org.springframework.util.PlaceholderResolutionException.withValue(PlaceholderResolutionException.java:81)
	at org.springframework.util.PlaceholderParser$ParsedValue.resolve(PlaceholderParser.java:423)
	at org.springframework.util.PlaceholderParser.replacePlaceholders(PlaceholderParser.java:128)
	at org.springframework.util.PropertyPlaceholderHelper.parseStringValue(PropertyPlaceholderHelper.java:118)
	at org.springframework.util.PropertyPlaceholderHelper.replacePlaceholders(PropertyPlaceholderHelper.java:114)
	at org.springframework.core.env.AbstractPropertyResolver.doResolvePlaceholders(AbstractPropertyResolver.java:293)
	at org.springframework.core.env.AbstractPropertyResolver.resolveRequiredPlaceholders(AbstractPropertyResolver.java:264)
	at org.springframework.context.support.PropertySourcesPlaceholderConfigurer.lambda$processProperties$0(PropertySourcesPlaceholderConfigurer.java:186)
	at org.springframework.beans.factory.support.AbstractBeanFactory.resolveEmbeddedValue(AbstractBeanFactory.java:971)
	at org.springframework.beans.factory.support.DefaultListableBeanFactory.doResolveDependency(DefaultListableBeanFactory.java:1650)
	at org.springframework.beans.factory.support.DefaultListableBeanFactory.resolveDependency(DefaultListableBeanFactory.java:1628)
	at org.springframework.beans.factory.annotation.AutowiredAnnotationBeanPostProcessor$AutowiredFieldElement.resolveFieldValue(AutowiredAnnotationBeanPostProcessor.java:785)
	at org.springframework.beans.factory.annotation.AutowiredAnnotationBeanPostProcessor$AutowiredFieldElement.inject(AutowiredAnnotationBeanPostProcessor.java:768)
	at org.springframework.beans.factory.annotation.InjectionMetadata.inject(InjectionMetadata.java:146)
	at org.springframework.beans.factory.annotation.AutowiredAnnotationBeanPostProcessor.postProcessProperties(AutowiredAnnotationBeanPostProcessor.java:509)
	... 32 common frames omitted
2025-08-225 16:12 o.s.boot.SpringApplication-Application run failed
org.springframework.beans.factory.UnsatisfiedDependencyException: Error creating bean with name 'productController' defined in file [C:\beyond_sw_16\Order_System-main\Order_System-main\build\classes\java\main\be16\ordersystem\product\controller\ProductController.class]: Unsatisfied dependency expressed through constructor parameter 0: Error creating bean with name 'productService': Injection of autowired dependencies failed
	at org.springframework.beans.factory.support.ConstructorResolver.createArgumentArray(ConstructorResolver.java:804)
	at org.springframework.beans.factory.support.ConstructorResolver.autowireConstructor(ConstructorResolver.java:240)
	at org.springframework.beans.factory.support.AbstractAutowireCapableBeanFactory.autowireConstructor(AbstractAutowireCapableBeanFactory.java:1395)
	at org.springframework.beans.factory.support.AbstractAutowireCapableBeanFactory.createBeanInstance(AbstractAutowireCapableBeanFactory.java:1232)
	at org.springframework.beans.factory.support.AbstractAutowireCapableBeanFactory.doCreateBean(AbstractAutowireCapableBeanFactory.java:569)
	at org.springframework.beans.factory.support.AbstractAutowireCapableBeanFactory.createBean(AbstractAutowireCapableBeanFactory.java:529)
	at org.springframework.beans.factory.support.AbstractBeanFactory.lambda$doGetBean$0(AbstractBeanFactory.java:339)
	at org.springframework.beans.factory.support.DefaultSingletonBeanRegistry.getSingleton(DefaultSingletonBeanRegistry.java:373)
	at org.springframework.beans.factory.support.AbstractBeanFactory.doGetBean(AbstractBeanFactory.java:337)
	at org.springframework.beans.factory.support.AbstractBeanFactory.getBean(AbstractBeanFactory.java:202)
	at org.springframework.beans.factory.support.DefaultListableBeanFactory.instantiateSingleton(DefaultListableBeanFactory.java:1222)
	at org.springframework.beans.factory.support.DefaultListableBeanFactory.preInstantiateSingleton(DefaultListableBeanFactory.java:1188)
	at org.springframework.beans.factory.support.DefaultListableBeanFactory.preInstantiateSingletons(DefaultListableBeanFactory.java:1123)
	at org.springframework.context.support.AbstractApplicationContext.finishBeanFactoryInitialization(AbstractApplicationContext.java:987)
	at org.springframework.context.support.AbstractApplicationContext.refresh(AbstractApplicationContext.java:627)
	at org.springframework.boot.web.servlet.context.ServletWebServerApplicationContext.refresh(ServletWebServerApplicationContext.java:146)
	at org.springframework.boot.SpringApplication.refresh(SpringApplication.java:752)
	at org.springframework.boot.SpringApplication.refreshContext(SpringApplication.java:439)
	at org.springframework.boot.SpringApplication.run(SpringApplication.java:318)
	at org.springframework.boot.SpringApplication.run(SpringApplication.java:1361)
	at org.springframework.boot.SpringApplication.run(SpringApplication.java:1350)
	at be16.ordersystem.OrdersystemApplication.main(OrdersystemApplication.java:12)
Caused by: org.springframework.beans.factory.BeanCreationException: Error creating bean with name 'productService': Injection of autowired dependencies failed
	at org.springframework.beans.factory.annotation.AutowiredAnnotationBeanPostProcessor.postProcessProperties(AutowiredAnnotationBeanPostProcessor.java:515)
	at org.springframework.beans.factory.support.AbstractAutowireCapableBeanFactory.populateBean(AbstractAutowireCapableBeanFactory.java:1459)
	at org.springframework.beans.factory.support.AbstractAutowireCapableBeanFactory.doCreateBean(AbstractAutowireCapableBeanFactory.java:606)
	at org.springframework.beans.factory.support.AbstractAutowireCapableBeanFactory.createBean(AbstractAutowireCapableBeanFactory.java:529)
	at org.springframework.beans.factory.support.AbstractBeanFactory.lambda$doGetBean$0(AbstractBeanFactory.java:339)
	at org.springframework.beans.factory.support.DefaultSingletonBeanRegistry.getSingleton(DefaultSingletonBeanRegistry.java:373)
	at org.springframework.beans.factory.support.AbstractBeanFactory.doGetBean(AbstractBeanFactory.java:337)
	at org.springframework.beans.factory.support.AbstractBeanFactory.getBean(AbstractBeanFactory.java:202)
	at org.springframework.beans.factory.support.DefaultListableBeanFactory.doResolveDependency(DefaultListableBeanFactory.java:1683)
	at org.springframework.beans.factory.support.DefaultListableBeanFactory.resolveDependency(DefaultListableBeanFactory.java:1628)
	at org.springframework.beans.factory.support.ConstructorResolver.resolveAutowiredArgument(ConstructorResolver.java:913)
	at org.springframework.beans.factory.support.ConstructorResolver.createArgumentArray(ConstructorResolver.java:791)
	... 21 common frames omitted
Caused by: org.springframework.util.PlaceholderResolutionException: Could not resolve placeholder 'cloud.s3.bucket' in value "${cloud.s3.bucket}"
	at org.springframework.util.PlaceholderResolutionException.withValue(PlaceholderResolutionException.java:81)
	at org.springframework.util.PlaceholderParser$ParsedValue.resolve(PlaceholderParser.java:423)
	at org.springframework.util.PlaceholderParser.replacePlaceholders(PlaceholderParser.java:128)
	at org.springframework.util.PropertyPlaceholderHelper.parseStringValue(PropertyPlaceholderHelper.java:118)
	at org.springframework.util.PropertyPlaceholderHelper.replacePlaceholders(PropertyPlaceholderHelper.java:114)
	at org.springframework.core.env.AbstractPropertyResolver.doResolvePlaceholders(AbstractPropertyResolver.java:293)
	at org.springframework.core.env.AbstractPropertyResolver.resolveRequiredPlaceholders(AbstractPropertyResolver.java:264)
	at org.springframework.context.support.PropertySourcesPlaceholderConfigurer.lambda$processProperties$0(PropertySourcesPlaceholderConfigurer.java:186)
	at org.springframework.beans.factory.support.AbstractBeanFactory.resolveEmbeddedValue(AbstractBeanFactory.java:971)
	at org.springframework.beans.factory.support.DefaultListableBeanFactory.doResolveDependency(DefaultListableBeanFactory.java:1650)
	at org.springframework.beans.factory.support.DefaultListableBeanFactory.resolveDependency(DefaultListableBeanFactory.java:1628)
	at org.springframework.beans.factory.annotation.AutowiredAnnotationBeanPostProcessor$AutowiredFieldElement.resolveFieldValue(AutowiredAnnotationBeanPostProcessor.java:785)
	at org.springframework.beans.factory.annotation.AutowiredAnnotationBeanPostProcessor$AutowiredFieldElement.inject(AutowiredAnnotationBeanPostProcessor.java:768)
	at org.springframework.beans.factory.annotation.InjectionMetadata.inject(InjectionMetadata.java:146)
	at org.springframework.beans.factory.annotation.AutowiredAnnotationBeanPostProcessor.postProcessProperties(AutowiredAnnotationBeanPostProcessor.java:509)
	... 32 common frames omitted
2025-08-225 16:12 o.s.boot.SpringApplication-Application run failed
org.springframework.beans.factory.UnsatisfiedDependencyException: Error creating bean with name 'productController' defined in file [C:\beyond_sw_16\Order_System-main\Order_System-main\build\classes\java\main\be16\ordersystem\product\controller\ProductController.class]: Unsatisfied dependency expressed through constructor parameter 0: Error creating bean with name 'productService': Injection of autowired dependencies failed
	at org.springframework.beans.factory.support.ConstructorResolver.createArgumentArray(ConstructorResolver.java:804)
	at org.springframework.beans.factory.support.ConstructorResolver.autowireConstructor(ConstructorResolver.java:240)
	at org.springframework.beans.factory.support.AbstractAutowireCapableBeanFactory.autowireConstructor(AbstractAutowireCapableBeanFactory.java:1395)
	at org.springframework.beans.factory.support.AbstractAutowireCapableBeanFactory.createBeanInstance(AbstractAutowireCapableBeanFactory.java:1232)
	at org.springframework.beans.factory.support.AbstractAutowireCapableBeanFactory.doCreateBean(AbstractAutowireCapableBeanFactory.java:569)
	at org.springframework.beans.factory.support.AbstractAutowireCapableBeanFactory.createBean(AbstractAutowireCapableBeanFactory.java:529)
	at org.springframework.beans.factory.support.AbstractBeanFactory.lambda$doGetBean$0(AbstractBeanFactory.java:339)
	at org.springframework.beans.factory.support.DefaultSingletonBeanRegistry.getSingleton(DefaultSingletonBeanRegistry.java:373)
	at org.springframework.beans.factory.support.AbstractBeanFactory.doGetBean(AbstractBeanFactory.java:337)
	at org.springframework.beans.factory.support.AbstractBeanFactory.getBean(AbstractBeanFactory.java:202)
	at org.springframework.beans.factory.support.DefaultListableBeanFactory.instantiateSingleton(DefaultListableBeanFactory.java:1222)
	at org.springframework.beans.factory.support.DefaultListableBeanFactory.preInstantiateSingleton(DefaultListableBeanFactory.java:1188)
	at org.springframework.beans.factory.support.DefaultListableBeanFactory.preInstantiateSingletons(DefaultListableBeanFactory.java:1123)
	at org.springframework.context.support.AbstractApplicationContext.finishBeanFactoryInitialization(AbstractApplicationContext.java:987)
	at org.springframework.context.support.AbstractApplicationContext.refresh(AbstractApplicationContext.java:627)
	at org.springframework.boot.web.servlet.context.ServletWebServerApplicationContext.refresh(ServletWebServerApplicationContext.java:146)
	at org.springframework.boot.SpringApplication.refresh(SpringApplication.java:752)
	at org.springframework.boot.SpringApplication.refreshContext(SpringApplication.java:439)
	at org.springframework.boot.SpringApplication.run(SpringApplication.java:318)
	at org.springframework.boot.SpringApplication.run(SpringApplication.java:1361)
	at org.springframework.boot.SpringApplication.run(SpringApplication.java:1350)
	at be16.ordersystem.OrdersystemApplication.main(OrdersystemApplication.java:12)
Caused by: org.springframework.beans.factory.BeanCreationException: Error creating bean with name 'productService': Injection of autowired dependencies failed
	at org.springframework.beans.factory.annotation.AutowiredAnnotationBeanPostProcessor.postProcessProperties(AutowiredAnnotationBeanPostProcessor.java:515)
	at org.springframework.beans.factory.support.AbstractAutowireCapableBeanFactory.populateBean(AbstractAutowireCapableBeanFactory.java:1459)
	at org.springframework.beans.factory.support.AbstractAutowireCapableBeanFactory.doCreateBean(AbstractAutowireCapableBeanFactory.java:606)
	at org.springframework.beans.factory.support.AbstractAutowireCapableBeanFactory.createBean(AbstractAutowireCapableBeanFactory.java:529)
	at org.springframework.beans.factory.support.AbstractBeanFactory.lambda$doGetBean$0(AbstractBeanFactory.java:339)
	at org.springframework.beans.factory.support.DefaultSingletonBeanRegistry.getSingleton(DefaultSingletonBeanRegistry.java:373)
	at org.springframework.beans.factory.support.AbstractBeanFactory.doGetBean(AbstractBeanFactory.java:337)
	at org.springframework.beans.factory.support.AbstractBeanFactory.getBean(AbstractBeanFactory.java:202)
	at org.springframework.beans.factory.support.DefaultListableBeanFactory.doResolveDependency(DefaultListableBeanFactory.java:1683)
	at org.springframework.beans.factory.support.DefaultListableBeanFactory.resolveDependency(DefaultListableBeanFactory.java:1628)
	at org.springframework.beans.factory.support.ConstructorResolver.resolveAutowiredArgument(ConstructorResolver.java:913)
	at org.springframework.beans.factory.support.ConstructorResolver.createArgumentArray(ConstructorResolver.java:791)
	... 21 common frames omitted
Caused by: org.springframework.util.PlaceholderResolutionException: Could not resolve placeholder 'cloud.s3.bucket' in value "${cloud.s3.bucket}"
	at org.springframework.util.PlaceholderResolutionException.withValue(PlaceholderResolutionException.java:81)
	at org.springframework.util.PlaceholderParser$ParsedValue.resolve(PlaceholderParser.java:423)
	at org.springframework.util.PlaceholderParser.replacePlaceholders(PlaceholderParser.java:128)
	at org.springframework.util.PropertyPlaceholderHelper.parseStringValue(PropertyPlaceholderHelper.java:118)
	at org.springframework.util.PropertyPlaceholderHelper.replacePlaceholders(PropertyPlaceholderHelper.java:114)
	at org.springframework.core.env.AbstractPropertyResolver.doResolvePlaceholders(AbstractPropertyResolver.java:293)
	at org.springframework.core.env.AbstractPropertyResolver.resolveRequiredPlaceholders(AbstractPropertyResolver.java:264)
	at org.springframework.context.support.PropertySourcesPlaceholderConfigurer.lambda$processProperties$0(PropertySourcesPlaceholderConfigurer.java:186)
	at org.springframework.beans.factory.support.AbstractBeanFactory.resolveEmbeddedValue(AbstractBeanFactory.java:971)
	at org.springframework.beans.factory.support.DefaultListableBeanFactory.doResolveDependency(DefaultListableBeanFactory.java:1650)
	at org.springframework.beans.factory.support.DefaultListableBeanFactory.resolveDependency(DefaultListableBeanFactory.java:1628)
	at org.springframework.beans.factory.annotation.AutowiredAnnotationBeanPostProcessor$AutowiredFieldElement.resolveFieldValue(AutowiredAnnotationBeanPostProcessor.java:785)
	at org.springframework.beans.factory.annotation.AutowiredAnnotationBeanPostProcessor$AutowiredFieldElement.inject(AutowiredAnnotationBeanPostProcessor.java:768)
	at org.springframework.beans.factory.annotation.InjectionMetadata.inject(InjectionMetadata.java:146)
	at org.springframework.beans.factory.annotation.AutowiredAnnotationBeanPostProcessor.postProcessProperties(AutowiredAnnotationBeanPostProcessor.java:509)
	... 32 common frames omitted
2025-08-225 16:16 b.o.c.auth.JwtAuthenticationHandler-Full authentication is required to access this resource
2025-08-225 16:16 b.o.c.service.CommonExceptionHandler-JWT String argument cannot be null or empty.
2025-08-225 16:17 b.o.c.service.CommonExceptionHandler-email 또는 비밀번호가 일치하지 않습니다.
2025-08-225 16:24 b.o.c.service.CommonExceptionHandler-email 또는 비밀번호가 일치하지 않습니다.
2025-08-225 16:29 b.o.c.auth.JwtAuthenticationHandler-Full authentication is required to access this resource
2025-08-225 16:29 b.o.c.auth.JwtAuthenticationHandler-Full authentication is required to access this resource
